<?xml version="1.0" encoding="UTF-8"?>
<!-- Generated by org.testng.reporters.JUnitXMLReporter -->
<testsuite ignored="0" hostname="DESKTOP-ROHBIOP" failures="0" tests="4" name="Default test" time="0.127" errors="0" timestamp="2021-12-28T00:31:54 IST">
  <testcase classname="com.Data_Provider" name="loginDetails" time="0.015"/>
  <testcase classname="com.Data_Provider" name="loginDetails" time="0.007"/>
  <testcase classname="com.Data_Provider" name="loginDetails" time="0.003"/>
  <testcase classname="com.Data_Provider" name="loginDetails" time="0.006"/>
</testsuite> <!-- Default test -->
