<?xml version="1.0" encoding="UTF-8"?>
<testng-results ignored="0" total="4" passed="4" failed="0" skipped="0">
  <reporter-output>
  </reporter-output>
  <suite started-at="2021-12-28T00:31:54 IST" name="Default suite" finished-at="2021-12-28T00:31:54 IST" duration-ms="127">
    <groups>
    </groups>
    <test started-at="2021-12-28T00:31:54 IST" name="Default test" finished-at="2021-12-28T00:31:54 IST" duration-ms="127">
      <class name="com.Data_Provider">
        <test-method signature="loginDetails(java.lang.String,java.lang.String)[pri:0, instance:com.Data_Provider@d29f28]" started-at="2021-12-28T00:31:54 IST" name="loginDetails" data-provider="My Data" finished-at="2021-12-28T00:31:54 IST" duration-ms="15" status="PASS">
          <params>
            <param index="0">
              <value>
                <![CDATA[Arun]]>
              </value>
            </param>
            <param index="1">
              <value>
                <![CDATA[1988]]>
              </value>
            </param>
          </params>
          <reporter-output>
          </reporter-output>
        </test-method> <!-- loginDetails -->
        <test-method signature="loginDetails(java.lang.String,java.lang.String)[pri:0, instance:com.Data_Provider@d29f28]" started-at="2021-12-28T00:31:54 IST" name="loginDetails" data-provider="My Data" finished-at="2021-12-28T00:31:54 IST" duration-ms="7" status="PASS">
          <params>
            <param index="0">
              <value>
                <![CDATA[Jose]]>
              </value>
            </param>
            <param index="1">
              <value>
                <![CDATA[1988]]>
              </value>
            </param>
          </params>
          <reporter-output>
          </reporter-output>
        </test-method> <!-- loginDetails -->
        <test-method signature="loginDetails(java.lang.String,java.lang.String)[pri:0, instance:com.Data_Provider@d29f28]" started-at="2021-12-28T00:31:54 IST" name="loginDetails" data-provider="My Data" finished-at="2021-12-28T00:31:54 IST" duration-ms="3" status="PASS">
          <params>
            <param index="0">
              <value>
                <![CDATA[ram]]>
              </value>
            </param>
            <param index="1">
              <value>
                <![CDATA[2021]]>
              </value>
            </param>
          </params>
          <reporter-output>
          </reporter-output>
        </test-method> <!-- loginDetails -->
        <test-method signature="loginDetails(java.lang.String,java.lang.String)[pri:0, instance:com.Data_Provider@d29f28]" started-at="2021-12-28T00:31:54 IST" name="loginDetails" data-provider="My Data" finished-at="2021-12-28T00:31:54 IST" duration-ms="6" status="PASS">
          <params>
            <param index="0">
              <value>
                <![CDATA[aji]]>
              </value>
            </param>
            <param index="1">
              <value>
                <![CDATA[a123]]>
              </value>
            </param>
          </params>
          <reporter-output>
          </reporter-output>
        </test-method> <!-- loginDetails -->
      </class> <!-- com.Data_Provider -->
    </test> <!-- Default test -->
  </suite> <!-- Default suite -->
</testng-results>
